<?xml version="1.0" encoding="UTF-8"?>
<robot generator="Robot 4.0.2 (Python 3.10.1 on win32)" generated="20220316 11:45:48.159" rpa="false" schemaversion="2">
<suite id="s1" name="Robot Interactive Console" source="c:\Users\user\.vscode\extensions\robocorp.robotframework-lsp-0.42.0\src\robotframework_ls\vendored\robotframework_interactive\robot_interactive_console.robot">
<test id="s1-t1" name="Default Task/Test">
<kw name="Interpreter Main Loop" library="MainLoop">
<kw name="Sleep" library="BuiltIn">
<arg>2</arg>
<doc>Pauses the test executed for the given time.</doc>
<status status="PASS" starttime="20220316 11:45:52.945" endtime="20220316 11:45:54.946"/>
</kw>
<status status="PASS" starttime="20220316 11:45:48.208" endtime="20220316 11:45:54.947"/>
</kw>
<status status="PASS" starttime="20220316 11:45:48.207" endtime="20220316 11:45:54.947"/>
</test>
<status status="PASS" starttime="20220316 11:45:48.164" endtime="20220316 11:45:54.949"/>
</suite>
<statistics>
<total>
<stat pass="1" fail="0" skip="0">All Tests</stat>
</total>
<tag>
</tag>
<suite>
<stat pass="1" fail="0" skip="0" id="s1" name="Robot Interactive Console">Robot Interactive Console</stat>
</suite>
</statistics>
<errors>
</errors>
</robot>
