<?xml version="1.0" encoding="UTF-8"?>
<robot generator="Robot 4.0.2 (Python 3.10.1 on win32)" generated="20220317 23:51:54.558" rpa="false" schemaversion="2">
<suite id="s1" name="Userflow" source="C:\Swapnil\Proj-Kuvera\Android Automation\Android_Kuvera_RF\Tests\userflow.robot">
<kw name="Open Kuvera Application" library="keywords" type="SETUP">
<kw name="Open Application" library="AppiumLibrary">
<arg>${server}</arg>
<arg>platformName=${platform}</arg>
<arg>deviceName=${emulator}</arg>
<arg>appPackage=${appPackage}</arg>
<arg>appActivity=${appAcivity}</arg>
<arg>automationName=Uiautomator2</arg>
<doc>Opens a new application to given Appium server.
Capabilities of appium server, Android and iOS,
Please check https://github.com/appium/appium/blob/master/docs/en/writing-running-appium/server-args.md
| *Option*            | *Man.* | *Description*     |
| remote_url          | Yes    | Appium server url |
| alias               | no     | alias             |</doc>
<status status="PASS" starttime="20220317 23:51:55.924" endtime="20220317 23:52:26.156"/>
</kw>
<status status="PASS" starttime="20220317 23:51:55.911" endtime="20220317 23:52:26.157"/>
</kw>
<test id="s1-t1" name="Verify user able to Login into application">
<kw name="navigate to Login screen" library="keywords">
<kw name="Sleep" library="BuiltIn">
<arg>30</arg>
<doc>Pauses the test executed for the given time.</doc>
<msg timestamp="20220317 23:52:56.168" level="INFO">Slept 30 seconds</msg>
<status status="PASS" starttime="20220317 23:52:26.159" endtime="20220317 23:52:56.168"/>
</kw>
<kw name="tap on screen" library="keywords">
<kw name="Tap" library="AppiumLibrary">
<arg>${None}</arg>
<arg>530</arg>
<arg>2055</arg>
<arg>count=1</arg>
<doc>Tap element identified by ``locator``. </doc>
<status status="PASS" starttime="20220317 23:52:56.169" endtime="20220317 23:53:06.336"/>
</kw>
<status status="PASS" starttime="20220317 23:52:56.168" endtime="20220317 23:53:06.337"/>
</kw>
<kw name="Wait Until Page Contains Element" library="AppiumLibrary">
<arg>${email}</arg>
<arg>timeout=10</arg>
<doc>Waits until element specified with `locator` appears on current page.</doc>
<status status="PASS" starttime="20220317 23:53:06.337" endtime="20220317 23:53:16.585"/>
</kw>
<status status="PASS" starttime="20220317 23:52:26.158" endtime="20220317 23:53:16.585"/>
</kw>
<kw name="Sleep" library="BuiltIn">
<arg>2</arg>
<doc>Pauses the test executed for the given time.</doc>
<msg timestamp="20220317 23:53:18.602" level="INFO">Slept 2 seconds</msg>
<status status="PASS" starttime="20220317 23:53:16.586" endtime="20220317 23:53:18.603"/>
</kw>
<kw name="Enter User details" library="keywords">
<kw name="Input Text" library="AppiumLibrary">
<arg>${email}</arg>
<arg>pswapnil032@gmail.com</arg>
<doc>Types the given `text` into text field identified by `locator`.</doc>
<msg timestamp="20220317 23:53:18.611" level="INFO">Typing text 'pswapnil032@gmail.com' into text field '//*[contains(@resource-id, 'email')]'</msg>
<status status="PASS" starttime="20220317 23:53:18.604" endtime="20220317 23:53:59.032"/>
</kw>
<kw name="Input Password" library="AppiumLibrary">
<arg>${password}</arg>
<arg>Swapnil@12321</arg>
<doc>Types the given password into text field identified by `locator`.</doc>
<msg timestamp="20220317 23:53:59.036" level="INFO">Typing password into text field '//*[contains(@resource-id, 'password')]'</msg>
<status status="PASS" starttime="20220317 23:53:59.032" endtime="20220317 23:54:39.377"/>
</kw>
<kw name="Click Element" library="AppiumLibrary">
<arg>${login_button}</arg>
<doc>Click element identified by `locator`.</doc>
<msg timestamp="20220317 23:54:39.380" level="INFO">Clicking element '//*[contains(@resource-id, 'login-btn')]'.</msg>
<status status="PASS" starttime="20220317 23:54:39.377" endtime="20220317 23:55:19.703"/>
</kw>
<status status="PASS" starttime="20220317 23:53:18.603" endtime="20220317 23:55:19.703"/>
</kw>
<kw name="Sleep" library="BuiltIn">
<arg>2</arg>
<doc>Pauses the test executed for the given time.</doc>
<msg timestamp="20220317 23:55:21.717" level="INFO">Slept 2 seconds</msg>
<status status="PASS" starttime="20220317 23:55:19.704" endtime="20220317 23:55:21.717"/>
</kw>
<kw name="Setup later" library="keywords">
<kw name="Sleep" library="BuiltIn">
<arg>3</arg>
<doc>Pauses the test executed for the given time.</doc>
<msg timestamp="20220317 23:55:24.731" level="INFO">Slept 3 seconds</msg>
<status status="PASS" starttime="20220317 23:55:21.719" endtime="20220317 23:55:24.731"/>
</kw>
<kw name="Click Element" library="AppiumLibrary">
<arg>${setup_later}</arg>
<doc>Click element identified by `locator`.</doc>
<msg timestamp="20220317 23:55:24.735" level="INFO">Clicking element '//*[contains(@text, 'Setup Later')]'.</msg>
<status status="PASS" starttime="20220317 23:55:24.731" endtime="20220317 23:56:05.037"/>
</kw>
<status status="PASS" starttime="20220317 23:55:21.718" endtime="20220317 23:56:05.038"/>
</kw>
<kw name="Home Page asserions" library="keywords">
<kw name="Page Should Contain Element" library="AppiumLibrary">
<arg>${invest_option}</arg>
<doc>Verifies that current page contains `locator` element.</doc>
<msg timestamp="20220317 23:56:15.400" level="INFO">Current page contains element '//*[contains(@text, 'Invest')]'.</msg>
<status status="PASS" starttime="20220317 23:56:05.040" endtime="20220317 23:56:15.400"/>
</kw>
<kw name="Page Should Contain Element" library="AppiumLibrary">
<arg>${Swapnil_profile}</arg>
<doc>Verifies that current page contains `locator` element.</doc>
<msg timestamp="20220317 23:56:25.728" level="INFO">Current page contains element '//*[contains(@text, 'Swapnil')]'.</msg>
<status status="PASS" starttime="20220317 23:56:15.400" endtime="20220317 23:56:25.729"/>
</kw>
<status status="PASS" starttime="20220317 23:56:05.039" endtime="20220317 23:56:25.729"/>
</kw>
<status status="PASS" starttime="20220317 23:52:26.157" endtime="20220317 23:56:25.730"/>
</test>
<test id="s1-t2" name="Verify user able to navigate to mutual fund Page.">
<kw name="Navigate to mutual fund section" library="keywords">
<kw name="Click Element" library="AppiumLibrary">
<arg>${invest_option}</arg>
<doc>Click element identified by `locator`.</doc>
<msg timestamp="20220317 23:56:25.744" level="INFO">Clicking element '//*[contains(@text, 'Invest')]'.</msg>
<status status="PASS" starttime="20220317 23:56:25.735" endtime="20220317 23:57:06.291"/>
</kw>
<kw name="Click Element" library="AppiumLibrary">
<arg>${mutual_fund}</arg>
<doc>Click element identified by `locator`.</doc>
<msg timestamp="20220317 23:57:06.295" level="INFO">Clicking element '//*[contains(@text, 'MF')]'.</msg>
<status status="PASS" starttime="20220317 23:57:06.292" endtime="20220317 23:57:46.788"/>
</kw>
<kw name="Sleep" library="BuiltIn">
<arg>2</arg>
<doc>Pauses the test executed for the given time.</doc>
<msg timestamp="20220317 23:57:48.795" level="INFO">Slept 2 seconds</msg>
<status status="PASS" starttime="20220317 23:57:46.788" endtime="20220317 23:57:48.795"/>
</kw>
<status status="PASS" starttime="20220317 23:56:25.734" endtime="20220317 23:57:48.795"/>
</kw>
<kw name="Mutual fund page asserions" library="keywords">
<kw name="Page Should Contain Element" library="AppiumLibrary">
<arg>${Swapnil_profile}</arg>
<doc>Verifies that current page contains `locator` element.</doc>
<msg timestamp="20220317 23:57:59.337" level="INFO">Current page contains element '//*[contains(@text, 'Swapnil')]'.</msg>
<status status="PASS" starttime="20220317 23:57:48.797" endtime="20220317 23:57:59.337"/>
</kw>
<status status="PASS" starttime="20220317 23:57:48.796" endtime="20220317 23:57:59.337"/>
</kw>
<status status="PASS" starttime="20220317 23:56:25.732" endtime="20220317 23:57:59.338"/>
</test>
<test id="s1-t3" name="Verify user able to logout from the application.">
<kw name="logout from profile section" library="keywords">
<kw name="Click Element" library="AppiumLibrary">
<arg>${Swapnil_profile}</arg>
<doc>Click element identified by `locator`.</doc>
<msg timestamp="20220317 23:57:59.345" level="INFO">Clicking element '//*[contains(@text, 'Swapnil')]'.</msg>
<status status="PASS" starttime="20220317 23:57:59.341" endtime="20220317 23:58:40.079"/>
</kw>
<kw name="Click Element" library="AppiumLibrary">
<arg>${Logout}</arg>
<doc>Click element identified by `locator`.</doc>
<msg timestamp="20220317 23:58:40.083" level="INFO">Clicking element '//*[contains(@text, 'Logout')]'.</msg>
<status status="PASS" starttime="20220317 23:58:40.080" endtime="20220317 23:59:20.621"/>
</kw>
<status status="PASS" starttime="20220317 23:57:59.341" endtime="20220317 23:59:20.621"/>
</kw>
<kw name="Logout Assertions" library="keywords">
<kw name="Page Should Contain Element" library="AppiumLibrary">
<arg>${email}</arg>
<doc>Verifies that current page contains `locator` element.</doc>
<msg timestamp="20220317 23:59:30.798" level="INFO">Current page contains element '//*[contains(@resource-id, 'email')]'.</msg>
<status status="PASS" starttime="20220317 23:59:20.623" endtime="20220317 23:59:30.798"/>
</kw>
<kw name="Page Should Contain Element" library="AppiumLibrary">
<arg>${password}</arg>
<doc>Verifies that current page contains `locator` element.</doc>
<msg timestamp="20220317 23:59:40.946" level="INFO">Current page contains element '//*[contains(@resource-id, 'password')]'.</msg>
<status status="PASS" starttime="20220317 23:59:30.799" endtime="20220317 23:59:40.946"/>
</kw>
<status status="PASS" starttime="20220317 23:59:20.622" endtime="20220317 23:59:40.947"/>
</kw>
<status status="PASS" starttime="20220317 23:57:59.340" endtime="20220317 23:59:40.947"/>
</test>
<status status="PASS" starttime="20220317 23:51:54.565" endtime="20220317 23:59:40.950"/>
</suite>
<statistics>
<total>
<stat pass="3" fail="0" skip="0">All Tests</stat>
</total>
<tag>
</tag>
<suite>
<stat pass="3" fail="0" skip="0" id="s1" name="Userflow">Userflow</stat>
</suite>
</statistics>
<errors>
</errors>
</robot>
